TN:
SF:src/employee-store.js
FN:16,EmployeeStore
FN:29,_loadFromStorage
FN:45,_saveToStorage
FN:54,_seedDummyData
FN:118,_notify
FN:129,subscribe
FN:145,addEmployee
FN:168,updateEmployee
FN:196,deleteEmployee
FN:215,isEmailTaken
FN:225,isPhoneNumberTaken
FN:233,getAllEmployees
FN:242,getEmployeeById
FNF:13
FNH:6
FNDA:1,EmployeeStore
FNDA:1,_loadFromStorage
FNDA:1,_saveToStorage
FNDA:1,_seedDummyData
FNDA:0,_notify
FNDA:8,subscribe
FNDA:0,addEmployee
FNDA:0,updateEmployee
FNDA:2,deleteEmployee
FNDA:0,isEmailTaken
FNDA:0,isPhoneNumberTaken
FNDA:0,getAllEmployees
FNDA:0,getEmployeeById
DA:1,1
DA:2,1
DA:3,1
DA:4,1
DA:5,1
DA:6,1
DA:7,1
DA:8,1
DA:9,1
DA:10,1
DA:11,1
DA:12,1
DA:13,1
DA:14,1
DA:15,1
DA:16,1
DA:17,1
DA:18,1
DA:19,1
DA:20,1
DA:21,1
DA:22,1
DA:23,1
DA:24,1
DA:25,1
DA:26,1
DA:27,1
DA:28,1
DA:29,1
DA:30,1
DA:31,1
DA:32,1
DA:33,1
DA:34,1
DA:35,1
DA:36,1
DA:37,1
DA:38,1
DA:39,0
DA:40,0
DA:41,0
DA:42,0
DA:43,1
DA:44,1
DA:45,1
DA:46,1
DA:47,1
DA:48,1
DA:49,0
DA:50,0
DA:51,1
DA:52,1
DA:53,1
DA:54,1
DA:55,1
DA:56,1
DA:57,1
DA:58,1
DA:59,1
DA:60,1
DA:61,1
DA:62,1
DA:63,1
DA:64,1
DA:65,1
DA:66,1
DA:67,1
DA:68,1
DA:69,1
DA:70,1
DA:71,1
DA:72,1
DA:73,1
DA:74,1
DA:75,1
DA:76,1
DA:77,1
DA:78,1
DA:79,1
DA:80,1
DA:81,1
DA:82,1
DA:83,1
DA:84,1
DA:85,1
DA:86,1
DA:87,1
DA:88,1
DA:89,1
DA:90,1
DA:91,1
DA:92,1
DA:93,1
DA:94,1
DA:95,1
DA:96,1
DA:97,1
DA:98,1
DA:99,1
DA:100,1
DA:101,1
DA:102,1
DA:103,1
DA:104,1
DA:105,1
DA:106,1
DA:107,1
DA:108,1
DA:109,1
DA:110,1
DA:111,1
DA:112,1
DA:113,1
DA:114,1
DA:115,1
DA:116,1
DA:117,1
DA:118,1
DA:119,0
DA:120,0
DA:121,1
DA:122,1
DA:123,1
DA:124,1
DA:125,1
DA:126,1
DA:127,1
DA:128,1
DA:129,1
DA:130,8
DA:131,8
DA:132,8
DA:133,8
DA:134,7
DA:135,8
DA:136,8
DA:137,1
DA:138,1
DA:139,1
DA:140,1
DA:141,1
DA:142,1
DA:143,1
DA:144,1
DA:145,1
DA:146,0
DA:147,0
DA:148,0
DA:149,0
DA:150,0
DA:151,0
DA:152,0
DA:153,0
DA:154,0
DA:155,0
DA:156,0
DA:157,0
DA:158,0
DA:159,0
DA:160,0
DA:161,1
DA:162,1
DA:163,1
DA:164,1
DA:165,1
DA:166,1
DA:167,1
DA:168,1
DA:169,0
DA:170,0
DA:171,0
DA:172,0
DA:173,0
DA:174,0
DA:175,0
DA:176,0
DA:177,0
DA:178,0
DA:179,0
DA:180,0
DA:181,0
DA:182,0
DA:183,0
DA:184,0
DA:185,0
DA:186,0
DA:187,0
DA:188,0
DA:189,1
DA:190,1
DA:191,1
DA:192,1
DA:193,1
DA:194,1
DA:195,1
DA:196,1
DA:197,2
DA:198,2
DA:199,2
DA:200,2
DA:201,0
DA:202,0
DA:203,0
DA:204,0
DA:205,2
DA:206,2
DA:207,2
DA:208,1
DA:209,1
DA:210,1
DA:211,1
DA:212,1
DA:213,1
DA:214,1
DA:215,1
DA:216,0
DA:217,0
DA:218,1
DA:219,1
DA:220,1
DA:221,1
DA:222,1
DA:223,1
DA:224,1
DA:225,1
DA:226,0
DA:227,0
DA:228,1
DA:229,1
DA:230,1
DA:231,1
DA:232,1
DA:233,1
DA:234,0
DA:235,0
DA:236,1
DA:237,1
DA:238,1
DA:239,1
DA:240,1
DA:241,1
DA:242,1
DA:243,0
DA:244,0
DA:245,1
DA:246,1
DA:247,1
LF:247
LH:192
BRDA:1,0,0,1
BRDA:16,1,0,1
BRDA:29,2,0,1
BRDA:32,3,0,0
BRDA:38,4,0,0
BRDA:45,5,0,1
BRDA:48,6,0,0
BRDA:54,7,0,1
BRDA:129,8,0,8
BRDA:133,9,0,7
BRDA:134,10,0,14
BRDA:196,11,0,2
BRDA:200,12,0,0
BRDA:198,13,0,10
BRF:14
BRH:10
end_of_record
TN:
SF:src/i18n.js
FN:141,I18n
FN:151,_detectInitialLanguage
FN:165,setLanguage
FN:183,getTranslation
FN:191,getCurrentLanguage
FN:199,getSupportedLanguages
FNF:6
FNH:5
FNDA:1,I18n
FNDA:1,_detectInitialLanguage
FNDA:1,setLanguage
FNDA:206,getTranslation
FNDA:24,getCurrentLanguage
FNDA:0,getSupportedLanguages
DA:1,1
DA:2,1
DA:3,1
DA:4,1
DA:5,1
DA:6,1
DA:7,1
DA:8,1
DA:9,1
DA:10,1
DA:11,1
DA:12,1
DA:13,1
DA:14,1
DA:15,1
DA:16,1
DA:17,1
DA:18,1
DA:19,1
DA:20,1
DA:21,1
DA:22,1
DA:23,1
DA:24,1
DA:25,1
DA:26,1
DA:27,1
DA:28,1
DA:29,1
DA:30,1
DA:31,1
DA:32,1
DA:33,1
DA:34,1
DA:35,1
DA:36,1
DA:37,1
DA:38,1
DA:39,1
DA:40,1
DA:41,1
DA:42,1
DA:43,1
DA:44,1
DA:45,1
DA:46,1
DA:47,1
DA:48,1
DA:49,1
DA:50,1
DA:51,1
DA:52,1
DA:53,1
DA:54,1
DA:55,1
DA:56,1
DA:57,1
DA:58,1
DA:59,1
DA:60,1
DA:61,1
DA:62,1
DA:63,1
DA:64,1
DA:65,1
DA:66,1
DA:67,1
DA:68,1
DA:69,1
DA:70,1
DA:71,1
DA:72,1
DA:73,1
DA:74,1
DA:75,1
DA:76,1
DA:77,1
DA:78,1
DA:79,1
DA:80,1
DA:81,1
DA:82,1
DA:83,1
DA:84,1
DA:85,1
DA:86,1
DA:87,1
DA:88,1
DA:89,1
DA:90,1
DA:91,1
DA:92,1
DA:93,1
DA:94,1
DA:95,1
DA:96,1
DA:97,1
DA:98,1
DA:99,1
DA:100,1
DA:101,1
DA:102,1
DA:103,1
DA:104,1
DA:105,1
DA:106,1
DA:107,1
DA:108,1
DA:109,1
DA:110,1
DA:111,1
DA:112,1
DA:113,1
DA:114,1
DA:115,1
DA:116,1
DA:117,1
DA:118,1
DA:119,1
DA:120,1
DA:121,1
DA:122,1
DA:123,1
DA:124,1
DA:125,1
DA:126,1
DA:127,1
DA:128,1
DA:129,1
DA:130,1
DA:131,1
DA:132,1
DA:133,1
DA:134,1
DA:135,1
DA:136,1
DA:137,1
DA:138,1
DA:139,1
DA:140,1
DA:141,1
DA:142,1
DA:143,1
DA:144,1
DA:145,1
DA:146,1
DA:147,1
DA:148,1
DA:149,1
DA:150,1
DA:151,1
DA:152,1
DA:153,1
DA:154,0
DA:155,0
DA:156,1
DA:157,1
DA:158,1
DA:159,1
DA:160,1
DA:161,1
DA:162,1
DA:163,1
DA:164,1
DA:165,1
DA:166,1
DA:167,0
DA:168,0
DA:169,0
DA:170,1
DA:171,1
DA:172,1
DA:173,1
DA:174,1
DA:175,1
DA:176,1
DA:177,1
DA:178,1
DA:179,1
DA:180,1
DA:181,1
DA:182,1
DA:183,1
DA:184,206
DA:185,206
DA:186,1
DA:187,1
DA:188,1
DA:189,1
DA:190,1
DA:191,1
DA:192,24
DA:193,24
DA:194,1
DA:195,1
DA:196,1
DA:197,1
DA:198,1
DA:199,1
DA:200,0
DA:201,0
DA:202,1
DA:203,1
DA:204,1
DA:205,1
LF:205
LH:198
BRDA:1,0,0,1
BRDA:141,1,0,1
BRDA:151,2,0,1
BRDA:153,3,0,0
BRDA:153,4,0,0
BRDA:158,5,0,0
BRDA:165,6,0,1
BRDA:166,7,0,0
BRDA:183,8,0,206
BRDA:184,9,0,1
BRDA:191,10,0,24
BRF:11
BRH:7
end_of_record
TN:
SF:src/components/confirmation-modal.js
FN:5,<static_initializer>
FN:114,ConfirmationModal
FN:122,firstUpdated
FN:130,_confirm
FN:134,_cancel
FN:138,_dispatchResult
FN:146,render
FNF:7
FNH:7
FNDA:1,<static_initializer>
FNDA:6,ConfirmationModal
FNDA:5,firstUpdated
FNDA:1,_confirm
FNDA:1,_cancel
FNDA:2,_dispatchResult
FNDA:5,render
DA:1,1
DA:2,1
DA:3,1
DA:4,1
DA:5,1
DA:6,1
DA:7,1
DA:8,1
DA:9,1
DA:10,1
DA:11,1
DA:12,1
DA:13,1
DA:14,1
DA:15,1
DA:16,1
DA:17,1
DA:18,1
DA:19,1
DA:20,1
DA:21,1
DA:22,1
DA:23,1
DA:24,1
DA:25,1
DA:26,1
DA:27,1
DA:28,1
DA:29,1
DA:30,1
DA:31,1
DA:32,1
DA:33,1
DA:34,1
DA:35,1
DA:36,1
DA:37,1
DA:38,1
DA:39,1
DA:40,1
DA:41,1
DA:42,1
DA:43,1
DA:44,1
DA:45,1
DA:46,1
DA:47,1
DA:48,1
DA:49,1
DA:50,1
DA:51,1
DA:52,1
DA:53,1
DA:54,1
DA:55,1
DA:56,1
DA:57,1
DA:58,1
DA:59,1
DA:60,1
DA:61,1
DA:62,1
DA:63,1
DA:64,1
DA:65,1
DA:66,1
DA:67,1
DA:68,1
DA:69,1
DA:70,1
DA:71,1
DA:72,1
DA:73,1
DA:74,1
DA:75,1
DA:76,1
DA:77,1
DA:78,1
DA:79,1
DA:80,1
DA:81,1
DA:82,1
DA:83,1
DA:84,1
DA:85,1
DA:86,1
DA:87,1
DA:88,1
DA:89,1
DA:90,1
DA:91,1
DA:92,1
DA:93,1
DA:94,1
DA:95,1
DA:96,1
DA:97,1
DA:98,1
DA:99,1
DA:100,1
DA:101,1
DA:102,1
DA:103,1
DA:104,1
DA:105,1
DA:106,1
DA:107,1
DA:108,1
DA:109,1
DA:110,1
DA:111,1
DA:112,1
DA:113,1
DA:114,1
DA:115,6
DA:116,6
DA:117,6
DA:118,6
DA:119,6
DA:120,6
DA:121,1
DA:122,1
DA:123,5
DA:124,5
DA:125,2
DA:126,2
DA:127,5
DA:128,5
DA:129,1
DA:130,1
DA:131,1
DA:132,1
DA:133,1
DA:134,1
DA:135,1
DA:136,1
DA:137,1
DA:138,1
DA:139,2
DA:140,2
DA:141,2
DA:142,2
DA:143,2
DA:144,2
DA:145,1
DA:146,1
DA:147,5
DA:148,5
DA:149,5
DA:150,5
DA:151,5
DA:152,5
DA:153,5
DA:154,5
DA:155,5
DA:156,5
DA:157,5
DA:158,5
DA:159,5
DA:160,5
DA:161,5
DA:162,5
DA:163,5
DA:164,5
DA:165,5
DA:166,5
DA:167,5
DA:168,1
DA:169,1
DA:170,1
LF:170
LH:170
BRDA:1,0,0,1
BRDA:5,1,0,1
BRDA:114,2,0,6
BRDA:122,3,0,5
BRDA:124,4,0,2
BRDA:130,5,0,1
BRDA:134,6,0,1
BRDA:138,7,0,2
BRDA:146,8,0,5
BRDA:149,9,0,0
BRDA:161,10,0,3
BRDA:162,11,0,2
BRF:12
BRH:11
end_of_record
TN:
SF:src/components/employee-form.js
FN:7,<static_initializer>
FN:15,EmployeeForm
FN:96,disconnectedCallback
FN:101,firstUpdated
FN:109,updated
FN:120,<instance_members_initializer>
FN:120,_onLanguageChange
FN:125,_defaultFormData
FN:138,_loadEmployee
FN:149,_todayAsString
FN:155,_handleChange
FN:187,_validateForm
FN:211,validateDate
FN:256,_handleSubmit
FN:289,_handleCancel
FN:293,_notify
FN:301,_showModal
FN:306,onModalResult
FN:317,render
FNF:19
FNH:19
FNDA:1,<static_initializer>
FNDA:13,EmployeeForm
FNDA:3,disconnectedCallback
FNDA:3,firstUpdated
FNDA:8,updated
FNDA:13,<instance_members_initializer>
FNDA:5,_onLanguageChange
FNDA:19,_defaultFormData
FNDA:2,_loadEmployee
FNDA:16,_todayAsString
FNDA:3,_handleChange
FNDA:3,_validateForm
FNDA:6,validateDate
FNDA:1,_handleSubmit
FNDA:1,_handleCancel
FNDA:1,_notify
FNDA:2,_showModal
FNDA:1,onModalResult
FNDA:8,render
DA:1,1
DA:2,1
DA:3,1
DA:4,1
DA:5,1
DA:6,1
DA:7,1
DA:8,1
DA:9,1
DA:10,1
DA:11,1
DA:12,1
DA:13,1
DA:14,1
DA:15,1
DA:16,13
DA:17,13
DA:18,13
DA:19,13
DA:20,13
DA:21,13
DA:22,13
DA:23,13
DA:24,13
DA:25,13
DA:26,1
DA:27,1
DA:28,1
DA:29,1
DA:30,1
DA:31,1
DA:32,1
DA:33,1
DA:34,1
DA:35,1
DA:36,1
DA:37,1
DA:38,1
DA:39,1
DA:40,1
DA:41,1
DA:42,1
DA:43,1
DA:44,1
DA:45,1
DA:46,1
DA:47,1
DA:48,1
DA:49,1
DA:50,1
DA:51,1
DA:52,1
DA:53,1
DA:54,1
DA:55,1
DA:56,1
DA:57,1
DA:58,1
DA:59,1
DA:60,1
DA:61,1
DA:62,1
DA:63,1
DA:64,1
DA:65,1
DA:66,1
DA:67,1
DA:68,1
DA:69,1
DA:70,1
DA:71,1
DA:72,1
DA:73,1
DA:74,1
DA:75,1
DA:76,1
DA:77,1
DA:78,1
DA:79,1
DA:80,1
DA:81,1
DA:82,1
DA:83,1
DA:84,1
DA:85,1
DA:86,1
DA:87,1
DA:88,1
DA:89,1
DA:90,1
DA:91,1
DA:92,1
DA:93,1
DA:94,1
DA:95,1
DA:96,1
DA:97,3
DA:98,3
DA:99,3
DA:100,1
DA:101,1
DA:102,3
DA:103,3
DA:104,3
DA:105,0
DA:106,0
DA:107,3
DA:108,1
DA:109,1
DA:110,8
DA:111,3
DA:112,3
DA:113,0
DA:114,3
DA:115,3
DA:116,3
DA:117,3
DA:118,8
DA:119,1
DA:120,1
DA:121,5
DA:122,5
DA:123,1
DA:124,1
DA:125,1
DA:126,19
DA:127,19
DA:128,19
DA:129,19
DA:130,19
DA:131,19
DA:132,19
DA:133,19
DA:134,19
DA:135,19
DA:136,19
DA:137,1
DA:138,1
DA:139,2
DA:140,2
DA:141,1
DA:142,1
DA:143,1
DA:144,1
DA:145,1
DA:146,1
DA:147,2
DA:148,1
DA:149,1
DA:150,16
DA:151,16
DA:152,16
DA:153,16
DA:154,1
DA:155,1
DA:156,3
DA:157,3
DA:158,3
DA:159,3
DA:160,3
DA:161,1
DA:162,1
DA:163,1
DA:164,1
DA:165,0
DA:166,0
DA:167,1
DA:168,3
DA:169,3
DA:170,3
DA:171,1
DA:172,1
DA:173,1
DA:174,1
DA:175,1
DA:176,3
DA:177,3
DA:178,3
DA:179,3
DA:180,3
DA:181,1
DA:182,1
DA:183,1
DA:184,1
DA:185,3
DA:186,1
DA:187,1
DA:188,3
DA:189,3
DA:190,3
DA:191,3
DA:192,3
DA:193,3
DA:194,24
DA:195,12
DA:196,12
DA:197,12
DA:198,3
DA:199,3
DA:200,3
DA:201,1
DA:202,1
DA:203,1
DA:204,3
DA:205,3
DA:206,1
DA:207,1
DA:208,1
DA:209,3
DA:210,3
DA:211,3
DA:212,6
DA:213,4
DA:214,4
DA:215,4
DA:216,4
DA:217,6
DA:218,6
DA:219,6
DA:220,6
DA:221,6
DA:222,1
DA:223,1
DA:224,1
DA:225,3
DA:226,3
DA:227,3
DA:228,3
DA:229,3
DA:230,3
DA:231,3
DA:232,2
DA:233,2
DA:234,2
DA:235,0
DA:236,0
DA:237,0
DA:238,2
DA:239,3
DA:240,3
DA:241,1
DA:242,1
DA:243,1
DA:244,1
DA:245,1
DA:246,1
DA:247,1
DA:248,1
DA:249,1
DA:250,1
DA:251,3
DA:252,3
DA:253,3
DA:254,3
DA:255,1
DA:256,1
DA:257,1
DA:258,1
DA:259,1
DA:260,1
DA:261,0
DA:262,0
DA:263,0
DA:264,0
DA:265,0
DA:266,0
DA:267,0
DA:268,0
DA:269,0
DA:270,0
DA:271,0
DA:272,0
DA:273,0
DA:274,0
DA:275,0
DA:276,0
DA:277,0
DA:278,0
DA:279,0
DA:280,0
DA:281,0
DA:282,0
DA:283,0
DA:284,1
DA:285,1
DA:286,1
DA:287,1
DA:288,1
DA:289,1
DA:290,1
DA:291,1
DA:292,1
DA:293,1
DA:294,1
DA:295,1
DA:296,1
DA:297,1
DA:298,1
DA:299,1
DA:300,1
DA:301,1
DA:302,2
DA:303,2
DA:304,2
DA:305,2
DA:306,2
DA:307,1
DA:308,1
DA:309,1
DA:310,2
DA:311,2
DA:312,2
DA:313,2
DA:314,2
DA:315,2
DA:316,1
DA:317,1
DA:318,8
DA:319,8
DA:320,8
DA:321,8
DA:322,8
DA:323,8
DA:324,8
DA:325,8
DA:326,48
DA:327,48
DA:328,48
DA:329,48
DA:330,48
DA:331,48
DA:332,48
DA:333,48
DA:334,48
DA:335,48
DA:336,48
DA:337,48
DA:338,8
DA:339,8
DA:340,8
DA:341,16
DA:342,16
DA:343,16
DA:344,16
DA:345,16
DA:346,64
DA:347,16
DA:348,16
DA:349,16
DA:350,16
DA:351,8
DA:352,8
DA:353,8
DA:354,8
DA:355,8
DA:356,8
DA:357,8
DA:358,8
DA:359,8
DA:360,8
DA:361,8
DA:362,8
DA:363,8
DA:364,8
DA:365,1
DA:366,1
DA:367,1
LF:367
LH:336
BRDA:1,0,0,1
BRDA:7,1,0,1
BRDA:15,2,0,13
BRDA:96,3,0,3
BRDA:101,4,0,3
BRDA:104,5,0,0
BRDA:104,6,0,0
BRDA:109,7,0,8
BRDA:110,8,0,3
BRDA:112,9,0,0
BRDA:120,10,0,13
BRDA:120,11,0,13
BRDA:125,12,0,19
BRDA:138,13,0,2
BRDA:140,14,0,1
BRDA:149,15,0,16
BRDA:155,16,0,3
BRDA:160,17,0,1
BRDA:164,18,0,0
BRDA:170,19,0,1
BRDA:170,20,0,1
BRDA:180,21,0,1
BRDA:187,22,0,3
BRDA:200,23,0,2
BRDA:200,24,0,1
BRDA:205,25,0,2
BRDA:205,26,0,1
BRDA:231,27,0,2
BRDA:231,28,0,2
BRDA:234,29,0,0
BRDA:240,30,0,1
BRDA:242,31,0,0
BRDA:246,32,0,0
BRDA:193,33,0,24
BRDA:194,34,0,12
BRDA:211,35,0,6
BRDA:212,36,0,2
BRDA:213,37,0,4
BRDA:217,38,0,4
BRDA:218,39,0,4
BRDA:219,40,0,4
BRDA:221,41,0,1
BRDA:256,42,0,1
BRDA:261,43,0,0
BRDA:284,44,0,0
BRDA:286,45,0,0
BRDA:289,46,0,1
BRDA:293,47,0,1
BRDA:301,48,0,2
BRDA:302,49,0,2
BRDA:306,50,0,1
BRDA:317,51,0,8
BRDA:322,52,0,0
BRDA:325,53,0,48
BRDA:331,54,0,16
BRDA:331,55,0,32
BRDA:331,56,0,32
BRDA:331,57,0,32
BRDA:331,58,0,32
BRDA:331,59,0,32
BRDA:332,60,0,44
BRDA:333,61,0,16
BRDA:333,62,0,32
BRDA:336,63,0,11
BRDA:336,64,0,37
BRDA:340,65,0,16
BRDA:345,66,0,8
BRDA:345,67,0,8
BRDA:349,68,0,4
BRDA:349,69,0,12
BRDA:345,70,0,64
BRF:71
BRH:60
end_of_record
TN:
SF:src/components/employee-list.js
FN:7,<static_initializer>
FN:156,EmployeeList
FN:179,disconnectedCallback
FN:187,<instance_members_initializer>
FN:187,_handleLanguageChange
FN:193,_applyFilterAndPagination
FN:215,_goToPreviousPage
FN:222,_goToNextPage
FN:230,_goToAddEmployee
FN:234,_goToEditEmployee
FN:239,_deleteEmployee
FN:257,_deleteSelectedEmployees
FN:276,_toggleSelection
FN:287,_toggleSelectAllVisible
FN:297,_areAllVisibleSelected
FN:303,_getVisibleEmployees
FN:309,_emitEmployeeEvent
FN:318,_showConfirmationModal
FN:334,render
FNF:19
FNH:12
FNDA:1,<static_initializer>
FNDA:8,EmployeeList
FNDA:7,disconnectedCallback
FNDA:8,<instance_members_initializer>
FNDA:1,_handleLanguageChange
FNDA:8,_applyFilterAndPagination
FNDA:0,_goToPreviousPage
FNDA:0,_goToNextPage
FNDA:0,_goToAddEmployee
FNDA:0,_goToEditEmployee
FNDA:0,_deleteEmployee
FNDA:1,_deleteSelectedEmployees
FNDA:0,_toggleSelection
FNDA:4,_toggleSelectAllVisible
FNDA:15,_areAllVisibleSelected
FNDA:34,_getVisibleEmployees
FNDA:1,_emitEmployeeEvent
FNDA:0,_showConfirmationModal
FNDA:15,render
DA:1,1
DA:2,1
DA:3,1
DA:4,1
DA:5,1
DA:6,1
DA:7,1
DA:8,1
DA:9,1
DA:10,1
DA:11,1
DA:12,1
DA:13,1
DA:14,1
DA:15,1
DA:16,1
DA:17,1
DA:18,1
DA:19,1
DA:20,1
DA:21,1
DA:22,1
DA:23,1
DA:24,1
DA:25,1
DA:26,1
DA:27,1
DA:28,1
DA:29,1
DA:30,1
DA:31,1
DA:32,1
DA:33,1
DA:34,1
DA:35,1
DA:36,1
DA:37,1
DA:38,1
DA:39,1
DA:40,1
DA:41,1
DA:42,1
DA:43,1
DA:44,1
DA:45,1
DA:46,1
DA:47,1
DA:48,1
DA:49,1
DA:50,1
DA:51,1
DA:52,1
DA:53,1
DA:54,1
DA:55,1
DA:56,1
DA:57,1
DA:58,1
DA:59,1
DA:60,1
DA:61,1
DA:62,1
DA:63,1
DA:64,1
DA:65,1
DA:66,1
DA:67,1
DA:68,1
DA:69,1
DA:70,1
DA:71,1
DA:72,1
DA:73,1
DA:74,1
DA:75,1
DA:76,1
DA:77,1
DA:78,1
DA:79,1
DA:80,1
DA:81,1
DA:82,1
DA:83,1
DA:84,1
DA:85,1
DA:86,1
DA:87,1
DA:88,1
DA:89,1
DA:90,1
DA:91,1
DA:92,1
DA:93,1
DA:94,1
DA:95,1
DA:96,1
DA:97,1
DA:98,1
DA:99,1
DA:100,1
DA:101,1
DA:102,1
DA:103,1
DA:104,1
DA:105,1
DA:106,1
DA:107,1
DA:108,1
DA:109,1
DA:110,1
DA:111,1
DA:112,1
DA:113,1
DA:114,1
DA:115,1
DA:116,1
DA:117,1
DA:118,1
DA:119,1
DA:120,1
DA:121,1
DA:122,1
DA:123,1
DA:124,1
DA:125,1
DA:126,1
DA:127,1
DA:128,1
DA:129,1
DA:130,1
DA:131,1
DA:132,1
DA:133,1
DA:134,1
DA:135,1
DA:136,1
DA:137,1
DA:138,1
DA:139,1
DA:140,1
DA:141,1
DA:142,1
DA:143,1
DA:144,1
DA:145,1
DA:146,1
DA:147,1
DA:148,1
DA:149,1
DA:150,1
DA:151,1
DA:152,1
DA:153,1
DA:154,1
DA:155,1
DA:156,1
DA:157,8
DA:158,8
DA:159,8
DA:160,8
DA:161,8
DA:162,8
DA:163,8
DA:164,8
DA:165,8
DA:166,8
DA:167,8
DA:168,8
DA:169,8
DA:170,8
DA:171,8
DA:172,8
DA:173,8
DA:174,8
DA:175,8
DA:176,8
DA:177,8
DA:178,1
DA:179,1
DA:180,7
DA:181,7
DA:182,7
DA:183,7
DA:184,7
DA:185,7
DA:186,1
DA:187,1
DA:188,1
DA:189,1
DA:190,1
DA:191,1
DA:192,1
DA:193,1
DA:194,8
DA:195,8
DA:196,8
DA:197,40
DA:198,40
DA:199,40
DA:200,40
DA:201,40
DA:202,0
DA:203,40
DA:204,8
DA:205,8
DA:206,8
DA:207,8
DA:208,8
DA:209,8
DA:210,0
DA:211,0
DA:212,8
DA:213,1
DA:214,1
DA:215,1
DA:216,0
DA:217,0
DA:218,0
DA:219,0
DA:220,1
DA:221,1
DA:222,1
DA:223,0
DA:224,0
DA:225,0
DA:226,0
DA:227,0
DA:228,1
DA:229,1
DA:230,1
DA:231,0
DA:232,0
DA:233,1
DA:234,1
DA:235,0
DA:236,0
DA:237,1
DA:238,1
DA:239,1
DA:240,0
DA:241,0
DA:242,0
DA:243,0
DA:244,0
DA:245,0
DA:246,0
DA:247,0
DA:248,0
DA:249,0
DA:250,0
DA:251,0
DA:252,0
DA:253,0
DA:254,0
DA:255,1
DA:256,1
DA:257,1
DA:258,1
DA:259,1
DA:260,1
DA:261,1
DA:262,1
DA:263,1
DA:264,1
DA:265,1
DA:266,1
DA:267,1
DA:268,1
DA:269,1
DA:270,1
DA:271,1
DA:272,1
DA:273,1
DA:274,1
DA:275,1
DA:276,1
DA:277,0
DA:278,0
DA:279,0
DA:280,0
DA:281,0
DA:282,0
DA:283,0
DA:284,0
DA:285,1
DA:286,1
DA:287,1
DA:288,4
DA:289,4
DA:290,2
DA:291,2
DA:292,2
DA:293,2
DA:294,4
DA:295,1
DA:296,1
DA:297,1
DA:298,15
DA:299,15
DA:300,15
DA:301,1
DA:302,1
DA:303,1
DA:304,34
DA:305,34
DA:306,34
DA:307,1
DA:308,1
DA:309,1
DA:310,1
DA:311,1
DA:312,1
DA:313,1
DA:314,1
DA:315,1
DA:316,1
DA:317,1
DA:318,1
DA:319,0
DA:320,0
DA:321,0
DA:322,0
DA:323,0
DA:324,0
DA:325,0
DA:326,0
DA:327,0
DA:328,0
DA:329,0
DA:330,0
DA:331,0
DA:332,0
DA:333,1
DA:334,1
DA:335,15
DA:336,15
DA:337,15
DA:338,15
DA:339,15
DA:340,15
DA:341,15
DA:342,15
DA:343,15
DA:344,15
DA:345,15
DA:346,15
DA:347,15
DA:348,15
DA:349,15
DA:350,15
DA:351,15
DA:352,15
DA:353,15
DA:354,15
DA:355,15
DA:356,15
DA:357,15
DA:358,48
DA:359,48
DA:360,48
DA:361,48
DA:362,48
DA:363,48
DA:364,48
DA:365,48
DA:366,48
DA:367,48
DA:368,48
DA:369,48
DA:370,48
DA:371,48
DA:372,48
DA:373,48
DA:374,48
DA:375,48
DA:376,48
DA:377,48
DA:378,48
DA:379,15
DA:380,15
DA:381,15
DA:382,15
DA:383,15
DA:384,15
DA:385,15
DA:386,15
DA:387,15
DA:388,15
DA:389,15
DA:390,15
DA:391,15
DA:392,15
DA:393,15
DA:394,15
DA:395,15
DA:396,15
DA:397,15
DA:398,15
DA:399,1
DA:400,1
DA:401,1
LF:401
LH:348
BRDA:1,0,0,1
BRDA:7,1,0,1
BRDA:156,2,0,8
BRDA:170,3,0,8
BRDA:179,4,0,7
BRDA:187,5,0,8
BRDA:187,6,0,8
BRDA:193,7,0,8
BRDA:209,8,0,0
BRDA:196,9,0,40
BRDA:198,10,0,0
BRDA:199,11,0,0
BRDA:200,12,0,0
BRDA:201,13,0,0
BRDA:257,14,0,1
BRDA:258,15,0,0
BRDA:266,16,0,0
BRDA:269,17,0,2
BRDA:287,18,0,4
BRDA:289,19,0,2
BRDA:288,20,0,8
BRDA:292,21,0,4
BRDA:297,22,0,15
BRDA:298,23,0,48
BRDA:299,24,0,15
BRDA:303,25,0,34
BRDA:309,26,0,1
BRDA:334,27,0,15
BRDA:394,28,0,1
BRDA:357,29,0,48
BRF:30
BRH:23
end_of_record
TN:
SF:src/components/nav-menu.js
FN:5,<static_initializer>
FN:10,NavMenu
FN:122,_setLanguage
FN:134,render
FNF:4
FNH:4
FNDA:1,<static_initializer>
FNDA:3,NavMenu
FNDA:1,_setLanguage
FNDA:3,render
DA:1,1
DA:2,1
DA:3,1
DA:4,1
DA:5,1
DA:6,1
DA:7,1
DA:8,1
DA:9,1
DA:10,1
DA:11,3
DA:12,3
DA:13,3
DA:14,3
DA:15,3
DA:16,3
DA:17,3
DA:18,0
DA:19,0
DA:20,3
DA:21,3
DA:22,1
DA:23,1
DA:24,1
DA:25,1
DA:26,1
DA:27,1
DA:28,1
DA:29,1
DA:30,1
DA:31,1
DA:32,1
DA:33,1
DA:34,1
DA:35,1
DA:36,1
DA:37,1
DA:38,1
DA:39,1
DA:40,1
DA:41,1
DA:42,1
DA:43,1
DA:44,1
DA:45,1
DA:46,1
DA:47,1
DA:48,1
DA:49,1
DA:50,1
DA:51,1
DA:52,1
DA:53,1
DA:54,1
DA:55,1
DA:56,1
DA:57,1
DA:58,1
DA:59,1
DA:60,1
DA:61,1
DA:62,1
DA:63,1
DA:64,1
DA:65,1
DA:66,1
DA:67,1
DA:68,1
DA:69,1
DA:70,1
DA:71,1
DA:72,1
DA:73,1
DA:74,1
DA:75,1
DA:76,1
DA:77,1
DA:78,1
DA:79,1
DA:80,1
DA:81,1
DA:82,1
DA:83,1
DA:84,1
DA:85,1
DA:86,1
DA:87,1
DA:88,1
DA:89,1
DA:90,1
DA:91,1
DA:92,1
DA:93,1
DA:94,1
DA:95,1
DA:96,1
DA:97,1
DA:98,1
DA:99,1
DA:100,1
DA:101,1
DA:102,1
DA:103,1
DA:104,1
DA:105,1
DA:106,1
DA:107,1
DA:108,1
DA:109,1
DA:110,1
DA:111,1
DA:112,1
DA:113,1
DA:114,1
DA:115,1
DA:116,1
DA:117,1
DA:118,1
DA:119,1
DA:120,1
DA:121,1
DA:122,1
DA:123,1
DA:124,1
DA:125,1
DA:126,1
DA:127,1
DA:128,1
DA:129,1
DA:130,1
DA:131,1
DA:132,1
DA:133,1
DA:134,1
DA:135,3
DA:136,3
DA:137,3
DA:138,3
DA:139,3
DA:140,3
DA:141,3
DA:142,3
DA:143,3
DA:144,3
DA:145,3
DA:146,3
DA:147,3
DA:148,3
DA:149,3
DA:150,3
DA:151,3
DA:152,3
DA:153,3
DA:154,3
DA:155,3
DA:156,3
DA:157,3
DA:158,3
DA:159,1
DA:160,1
DA:161,1
LF:161
LH:159
BRDA:1,0,0,1
BRDA:5,1,0,1
BRDA:10,2,0,3
BRDA:122,3,0,1
BRDA:134,4,0,3
BRDA:135,5,0,2
BRDA:135,6,0,1
BRDA:144,7,0,0
BRDA:147,8,0,0
BRDA:151,9,0,1
BRF:10
BRH:8
end_of_record
